<?xml version="1.0" encoding="UTF-8"?>
<!-- Generated by org.testng.reporters.JUnitReportReporter -->
<testsuite hostname="DESKTOP-EAPD58O" failures="0" tests="1" name="testcases.SelectWikipedia" time="2.739" errors="0" timestamp="2022-07-17T10:46:17 IST" skipped="0">
  <testcase classname="testcases.SelectWikipedia" name="searchwikipedia" time="2.739"/>
  <system-out/>
</testsuite> <!-- testcases.SelectWikipedia -->
