<?xml version="1.0" encoding="UTF-8"?>
<!-- Generated by org.testng.reporters.JUnitReportReporter -->
<testsuite hostname="DESKTOP-EAPD58O" failures="0" tests="1" name="testcases.GoogleSearch" time="5.000" errors="0" timestamp="2022-07-19T00:44:06 IST" skipped="0">
  <testcase classname="testcases.GoogleSearch" name="googlesearch" time="5.000"/>
  <system-out>
    <![CDATA[Facebook search successfully executed
<a href=C:\Users\BENQ\eclipse-workspace\TestProject\src\test\resources\Screenshots\FB1.PNG>click to open screenshot</a>
<a href=C:\Users\BENQ\eclipse-workspace\TestProject\src\test\resources\Screenshots\FB2.PNG>click to open screenshot</a>]]>
  </system-out>
</testsuite> <!-- testcases.GoogleSearch -->
