<?xml version="1.0" encoding="UTF-8"?>
<!-- Generated by org.testng.reporters.JUnitReportReporter -->
<testsuite hostname="DESKTOP-EAPD58O" failures="0" tests="1" name="testcases.SelectTextTest" time="1.579" errors="0" timestamp="2022-07-17T10:46:17 IST" skipped="0">
  <testcase classname="testcases.SelectTextTest" name="SelectEnglishLaunguage" time="1.579"/>
  <system-out/>
</testsuite> <!-- testcases.SelectTextTest -->
