<?xml version="1.0" encoding="UTF-8"?>
<!-- Generated by org.testng.reporters.JUnitReportReporter -->
<testsuite hostname="DESKTOP-EAPD58O" failures="0" tests="1" name="testcases.SelectText" time="0.896" errors="0" timestamp="2022-07-16T15:58:33 IST" skipped="0">
  <testcase classname="testcases.SelectText" name="SelectEnglishLaunguage" time="0.896"/>
  <system-out/>
</testsuite> <!-- testcases.SelectText -->
