<?xml version="1.0" encoding="UTF-8"?>
<!-- Generated by org.testng.reporters.JUnitReportReporter -->
<testsuite hostname="DESKTOP-EAPD58O" failures="0" tests="1" name="testcases.UploadImageSearch" time="8.625" errors="0" timestamp="2022-07-19T00:44:06 IST" skipped="0">
  <testcase classname="testcases.UploadImageSearch" name="uploadimage" time="8.625"/>
  <system-out/>
</testsuite> <!-- testcases.UploadImageSearch -->
