<?xml version="1.0" encoding="UTF-8"?>
<!-- Generated by org.testng.reporters.JUnitReportReporter -->
<testsuite hostname="DESKTOP-EAPD58O" failures="0" tests="1" name="testcases.ImageSearch" time="4.757" errors="0" timestamp="2022-07-19T00:44:06 IST" skipped="0">
  <testcase classname="testcases.ImageSearch" name="imagesearch" time="4.757"/>
  <system-out>
    <![CDATA[Select by image link
<a href=C:\Users\BENQ\eclipse-workspace\TestProject\src\test\resources\Screenshots\camera.PNG>click to open screenshot</a>]]>
  </system-out>
</testsuite> <!-- testcases.ImageSearch -->
