<?xml version="1.0" encoding="UTF-8"?>
<!-- Generated by org.testng.reporters.JUnitReportReporter -->
<testsuite hostname="DESKTOP-EAPD58O" failures="0" tests="1" name="testcases.SearchWikipedia" time="0.128" errors="0" timestamp="2022-07-17T10:46:17 IST" skipped="0">
  <testcase classname="testcases.SearchWikipedia" name="searchwikipedia" time="0.128"/>
  <system-out/>
</testsuite> <!-- testcases.SearchWikipedia -->
