<?xml version="1.0" encoding="UTF-8"?>
<!-- Generated by org.testng.reporters.JUnitReportReporter -->
<testsuite hostname="DESKTOP-EAPD58O" failures="0" tests="1" name="testcases.LaunguageSelect" time="3.230" errors="0" timestamp="2022-07-19T00:44:06 IST" skipped="0">
  <testcase classname="testcases.LaunguageSelect" name="selectlanguage" time="3.230"/>
  <system-out>
    <![CDATA[Select any language from dropdrop
<a href=C:\Users\BENQ\eclipse-workspace\TestProject\src\test\resources\Screenshots\Language.PNG>click to open screenshot</a>]]>
  </system-out>
</testsuite> <!-- testcases.LaunguageSelect -->
