<?xml version="1.0" encoding="UTF-8"?>
<!-- Generated by org.testng.reporters.JUnitReportReporter -->
<testsuite hostname="DESKTOP-EAPD58O" failures="0" tests="1" name="testcases.SearchWikipediaTest" time="2.307" errors="0" timestamp="2022-07-16T20:27:49 IST" skipped="0">
  <testcase classname="testcases.SearchWikipediaTest" name="searchwikipedia" time="2.307"/>
  <system-out/>
</testsuite> <!-- testcases.SearchWikipediaTest -->
