<?xml version="1.0" encoding="UTF-8"?>
<!-- Generated by org.testng.reporters.JUnitReportReporter -->
<testsuite hostname="DESKTOP-EAPD58O" failures="0" tests="1" name="testcases.Feelinglucky" time="7.968" errors="0" timestamp="2022-07-19T00:44:06 IST" skipped="0">
  <testcase classname="testcases.Feelinglucky" name="feelinglucky" time="7.968"/>
  <system-out>
    <![CDATA[Doodle search fifa on doodle and page is able to scroll down 
<a href=C:\Users\BENQ\eclipse-workspace\TestProject\src\test\resources\Screenshots\doodle1.PNG>click to open screenshot</a>
<a href=C:\Users\BENQ\eclipse-workspace\TestProject\src\test\resources\Screenshots\doodle2.PNG>click to open screenshot</a>]]>
  </system-out>
</testsuite> <!-- testcases.Feelinglucky -->
